<?xml version="1.0" encoding="UTF-8"?>
<!-- Generated by org.testng.reporters.JUnitReportReporter -->
<testsuite hostname="jagadesh28-testng-g0o2jnk8jes" failures="0" tests="2" name="com.lambdatest.Testng1" time="41.200" errors="0" timestamp="11 Feb 2022 04:05:45 GMT" skipped="0">
  <testcase classname="com.lambdatest.Testng1" name="scenarioOne" time="23.893"/>
  <testcase classname="com.lambdatest.Testng1" name="scenarioOne" time="17.307"/>
</testsuite> <!-- com.lambdatest.Testng1 -->
