<?xml version="1.0" encoding="UTF-8"?>
<!-- Generated by org.testng.reporters.JUnitReportReporter -->
<testsuite hostname="yaramashettisus-selenium-v5qeugva04n" failures="0" tests="2" name="com.lambdatest.Testng1" time="41.859" errors="0" timestamp="14 Feb 2022 07:05:31 GMT" skipped="0">
  <testcase classname="com.lambdatest.Testng1" name="scenarioOne" time="25.386"/>
  <testcase classname="com.lambdatest.Testng1" name="scenarioOne" time="16.473"/>
</testsuite> <!-- com.lambdatest.Testng1 -->
